<?xml version="1.0" encoding="UTF-8"?>
<!-- Generated by org.testng.reporters.JUnitXMLReporter -->
<testsuite ignored="0" hostname="Tarun-Laptop" failures="0" tests="4" name="Default test" time="22.054" errors="0" timestamp="2024-03-28T16:25:10 IST">
  <testcase classname="assessment.testcases.TestCases" name="checkIfTitleDisplayed" time="0.111"/>
  <testcase classname="assessment.testcases.TestCases" name="checkNewTabWithVacationURL" time="1.555"/>
  <testcase classname="assessment.testcases.TestCases" name="checkPurchaseTicket" time="3.86"/>
  <testcase classname="assessment.testcases.TestCases" name="checkPurchaseTicket" time="3.443"/>
</testsuite> <!-- Default test -->
