<?xml version="1.0" encoding="UTF-8"?>
<!-- Generated by org.testng.reporters.JUnitXMLReporter -->
<testsuite ignored="0" hostname="Tarun-Laptop" failures="0" tests="3" name="BlazeDemoTest" time="10.416" errors="0" timestamp="2024-03-28T03:33:03 IST">
  <testcase classname="assessment.testcases.TestCases" name="checkIfTitleDisplayed" time="0.012"/>
  <testcase classname="assessment.testcases.TestCases" name="checkPurchaseTicket" time="0.012"/>
  <testcase classname="assessment.testcases.TestCases" name="checkVacationURL" time="0.005"/>
</testsuite> <!-- BlazeDemoTest -->
